#
# There is insufficient memory for the Java Runtime Environment to continue.
# Native memory allocation (malloc) failed to allocate 1048576 bytes for AllocateHeap
# Possible reasons:
#   The system is out of physical RAM or swap space
#   The process is running with CompressedOops enabled, and the Java Heap may be blocking the growth of the native heap
# Possible solutions:
#   Reduce memory load on the system
#   Increase physical memory or swap space
#   Check if swap backing store is full
#   Decrease Java heap size (-Xmx/-Xms)
#   Decrease number of Java threads
#   Decrease Java thread stack sizes (-Xss)
#   Set larger code cache with -XX:ReservedCodeCacheSize=
#   JVM is running with Zero Based Compressed Oops mode in which the Java heap is
#     placed in the first 32GB address space. The Java Heap base address is the
#     maximum limit for the native heap growth. Please use -XX:HeapBaseMinAddress
#     to set the Java Heap base and to place the Java Heap above 32GB virtual address.
# This output file may be truncated or incomplete.
#
#  Out of Memory Error (memory/allocation.inline.hpp:61), pid=446540, tid=0x00000000000562a0
#
# JRE version:  (8.0_261-b12) (build )
# Java VM: Java HotSpot(TM) 64-Bit Server VM (25.261-b12 mixed mode windows-amd64 compressed oops)
# Failed to write core dump. Minidumps are not enabled by default on client versions of Windows
#

---------------  T H R E A D  ---------------

Current thread (0x000001a112917800):  JavaThread "Unknown thread" [_thread_in_vm, id=352928, stack(0x0000007d5da00000,0x0000007d5db00000)]

Stack: [0x0000007d5da00000,0x0000007d5db00000]
Native frames: (J=compiled Java code, j=interpreted, Vv=VM code, C=native code)
V  [jvm.dll+0x33e5f9]
V  [jvm.dll+0x2850e2]
V  [jvm.dll+0x285d8d]
V  [jvm.dll+0x27c895]
V  [jvm.dll+0x1565d]
V  [jvm.dll+0x3e2507]
V  [jvm.dll+0x3e2ef8]
V  [jvm.dll+0x10c61f]
V  [jvm.dll+0x21a00b]
V  [jvm.dll+0x248687]
V  [jvm.dll+0x172116]
C  [java.exe+0x2312]
C  [java.exe+0x15f64]
C  [KERNEL32.DLL+0x17034]
C  [ntdll.dll+0x52651]


---------------  P R O C E S S  ---------------

Java Threads: ( => current thread )

Other Threads:

=>0x000001a112917800 (exited) JavaThread "Unknown thread" [_thread_in_vm, id=352928, stack(0x0000007d5da00000,0x0000007d5db00000)]

VM state:not at safepoint (normal execution)

VM Mutex/Monitor currently owned by a thread: None

heap address: 0x00000006c2800000, size: 4056 MB, Compressed Oops mode: Zero based, Oop shift amount: 3
Narrow klass base: 0x0000000000000000, Narrow klass shift: 3
Compressed class space size: 1073741824 Address: 0x00000007c0000000

Heap:
 PSYoungGen      total 75776K, used 1300K [0x000000076b800000, 0x0000000770c80000, 0x00000007c0000000)
  eden space 65024K, 2% used [0x000000076b800000,0x000000076b9451f8,0x000000076f780000)
  from space 10752K, 0% used [0x0000000770200000,0x0000000770200000,0x0000000770c80000)
  to   space 10752K, 0% used [0x000000076f780000,0x000000076f780000,0x0000000770200000)
 ParOldGen       total 173568K, used 0K [0x00000006c2800000, 0x00000006cd180000, 0x000000076b800000)
  object space 173568K, 0% used [0x00000006c2800000,0x00000006c2800000,0x00000006cd180000)
 Metaspace       used 776K, capacity 4480K, committed 4480K, reserved 1056768K
  class space    used 76K, capacity 384K, committed 384K, reserved 1048576K

Card table byte_map: [0x000001a1235d0000,0x000001a123dc0000] byte_map_base: 0x000001a11ffbc000

Marking Bits: (ParMarkBitMap*) 0x00000000599c4fb0
 Begin Bits: [0x000001a124310000, 0x000001a128270000)
 End Bits:   [0x000001a128270000, 0x000001a12c1d0000)

Polling page: 0x000001a1128a0000

CodeCache: size=245760Kb used=328Kb max_used=328Kb free=245431Kb
 bounds [0x000001a114210000, 0x000001a114480000, 0x000001a123210000]
 total_blobs=58 nmethods=0 adapters=38
 compilation: enabled

Compilation events (0 events):
No events

GC Heap History (0 events):
No events

Deoptimization events (0 events):
No events

Classes redefined (0 events):
No events

Internal exceptions (0 events):
No events

Events (10 events):
Event: 0.028 loading class java/lang/Short
Event: 0.028 loading class java/lang/Short done
Event: 0.028 loading class java/lang/Integer
Event: 0.028 loading class java/lang/Integer done
Event: 0.028 loading class java/lang/Long
Event: 0.029 loading class java/lang/Long done
Event: 0.029 loading class java/lang/NullPointerException
Event: 0.029 loading class java/lang/NullPointerException done
Event: 0.029 loading class java/lang/ArithmeticException
Event: 0.029 loading class java/lang/ArithmeticException done


Dynamic libraries:
0x00007ff7f8d20000 - 0x00007ff7f8d67000 	C:\Program Files\Java\jdk1.8.0_261\bin\java.exe
0x00007ffcb1310000 - 0x00007ffcb1505000 	C:\WINDOWS\SYSTEM32\ntdll.dll
0x00007ffcb0bc0000 - 0x00007ffcb0c7e000 	C:\WINDOWS\System32\KERNEL32.DLL
0x00007ffcaee20000 - 0x00007ffcaf0e8000 	C:\WINDOWS\System32\KERNELBASE.dll
0x00007ffcac240000 - 0x00007ffcac2d0000 	C:\WINDOWS\SYSTEM32\apphelp.dll
0x00007ffcaf360000 - 0x00007ffcaf40e000 	C:\WINDOWS\System32\ADVAPI32.dll
0x00007ffcb05e0000 - 0x00007ffcb067e000 	C:\WINDOWS\System32\msvcrt.dll
0x00007ffcb0680000 - 0x00007ffcb071c000 	C:\WINDOWS\System32\sechost.dll
0x00007ffcb0fe0000 - 0x00007ffcb1105000 	C:\WINDOWS\System32\RPCRT4.dll
0x00007ffcb1110000 - 0x00007ffcb12b0000 	C:\WINDOWS\System32\USER32.dll
0x00007ffcaf0f0000 - 0x00007ffcaf112000 	C:\WINDOWS\System32\win32u.dll
0x00007ffcafe80000 - 0x00007ffcafeab000 	C:\WINDOWS\System32\GDI32.dll
0x00007ffcaf190000 - 0x00007ffcaf29d000 	C:\WINDOWS\System32\gdi32full.dll
0x00007ffcaeb70000 - 0x00007ffcaec0d000 	C:\WINDOWS\System32\msvcp_win.dll
0x00007ffcaea70000 - 0x00007ffcaeb70000 	C:\WINDOWS\System32\ucrtbase.dll
0x00007ffca0a60000 - 0x00007ffca0cfa000 	C:\WINDOWS\WinSxS\amd64_microsoft.windows.common-controls_6595b64144ccf1df_6.0.19041.1110_none_60b5254171f9507e\COMCTL32.dll
0x00007ffcb0200000 - 0x00007ffcb0230000 	C:\WINDOWS\System32\IMM32.DLL
0x00007ffc93f20000 - 0x00007ffc93f35000 	C:\Program Files\Java\jdk1.8.0_261\jre\bin\vcruntime140.dll
0x00007ffc861a0000 - 0x00007ffc8623b000 	C:\Program Files\Java\jdk1.8.0_261\jre\bin\msvcp140.dll
0x00000000591d0000 - 0x0000000059a3c000 	C:\Program Files\Java\jdk1.8.0_261\jre\bin\server\jvm.dll
0x00007ffcb0bb0000 - 0x00007ffcb0bb8000 	C:\WINDOWS\System32\PSAPI.DLL
0x00007ffcac160000 - 0x00007ffcac169000 	C:\WINDOWS\SYSTEM32\WSOCK32.dll
0x00007ffcad980000 - 0x00007ffcad98a000 	C:\WINDOWS\SYSTEM32\VERSION.dll
0x00007ffc9f940000 - 0x00007ffc9f967000 	C:\WINDOWS\SYSTEM32\WINMM.dll
0x00007ffcb0450000 - 0x00007ffcb04bb000 	C:\WINDOWS\System32\WS2_32.dll
0x00007ffcac910000 - 0x00007ffcac922000 	C:\WINDOWS\SYSTEM32\kernel.appcore.dll
0x00007ffc96480000 - 0x00007ffc96490000 	C:\Program Files\Java\jdk1.8.0_261\jre\bin\verify.dll
0x00007ffc93670000 - 0x00007ffc9369b000 	C:\Program Files\Java\jdk1.8.0_261\jre\bin\java.dll
0x00007ffc96fb0000 - 0x00007ffc96fe2000 	C:\Program Files\Java\jdk1.8.0_261\jre\bin\instrument.dll
0x00007ffc93650000 - 0x00007ffc93668000 	C:\Program Files\Java\jdk1.8.0_261\jre\bin\zip.dll
0x00007ffca7d90000 - 0x00007ffca7f74000 	C:\WINDOWS\SYSTEM32\dbghelp.dll
0x00007ffcaf2a0000 - 0x00007ffcaf322000 	C:\WINDOWS\System32\bcryptPrimitives.dll

VM Arguments:
jvm_args: -javaagent:C:\Program Files\JetBrains\IntelliJ IDEA Community Edition 2021.3.3\lib\idea_rt.jar=62153:C:\Program Files\JetBrains\IntelliJ IDEA Community Edition 2021.3.3\bin -Dfile.encoding=UTF-8 
java_command: org.lwo.selenium.Main
java_class_path (initial): C:\Program Files\Java\jdk1.8.0_261\jre\lib\charsets.jar;C:\Program Files\Java\jdk1.8.0_261\jre\lib\deploy.jar;C:\Program Files\Java\jdk1.8.0_261\jre\lib\ext\access-bridge-64.jar;C:\Program Files\Java\jdk1.8.0_261\jre\lib\ext\cldrdata.jar;C:\Program Files\Java\jdk1.8.0_261\jre\lib\ext\dnsns.jar;C:\Program Files\Java\jdk1.8.0_261\jre\lib\ext\jaccess.jar;C:\Program Files\Java\jdk1.8.0_261\jre\lib\ext\jfxrt.jar;C:\Program Files\Java\jdk1.8.0_261\jre\lib\ext\localedata.jar;C:\Program Files\Java\jdk1.8.0_261\jre\lib\ext\nashorn.jar;C:\Program Files\Java\jdk1.8.0_261\jre\lib\ext\sunec.jar;C:\Program Files\Java\jdk1.8.0_261\jre\lib\ext\sunjce_provider.jar;C:\Program Files\Java\jdk1.8.0_261\jre\lib\ext\sunmscapi.jar;C:\Program Files\Java\jdk1.8.0_261\jre\lib\ext\sunpkcs11.jar;C:\Program Files\Java\jdk1.8.0_261\jre\lib\ext\zipfs.jar;C:\Program Files\Java\jdk1.8.0_261\jre\lib\javaws.jar;C:\Program Files\Java\jdk1.8.0_261\jre\lib\jce.jar;C:\Program Files\Java\jdk1.8.0_261\jre\lib\jfr.jar;C:\Program Files\Java\jdk1.8.0_261\jre\lib\jfxswt.jar;C:\Program Files\Java\jdk1.8.0_261\jre\lib\jsse.jar;C:\Program Files\Java\jdk1.8.0_261\jre\lib\management-agent.jar;C:\Program Files\Java\jdk1.8.0_261\jre\lib\plugin.jar;C:\Program Files\Java\jdk1.8.0_261\jre\lib\resources.jar;C:\Program Files\Java\jdk1.8.0_261\jre\lib\rt.jar;D:\projects\Selenium\target\classes;C:\Users\zaustinsky_d\.m2\repository\org\slf4j\slf4j-simple\1.7.21\slf4j-simple-1.7.21.jar;C:\Users\zaustinsky_d\.m2\repository\org\slf4j\slf4j-api\1.7.21\slf4j-api-1.7.21.jar;C:\Users\zaustinsky_d\.m2\repository\org\seleniumhq\selenium\selenium-java\4.1.3\selenium-java-4.1.3.jar;C:\Users\zaustinsky_d\.m2\repository\org\seleniumhq\selenium\selenium-api\4.1.3\selenium-api-4.1.3.jar;C:\Users\zaustinsky_d\.m2\repository\org\seleniumhq\selenium\selenium-chrome-driver\4.1.3\selenium-chrome-driver-4.1.3.jar;C:\Users\zaustinsky_d\.m2\repository\com\google\auto\service\auto-service-annotations\1.0.1\auto-service-a
Launcher Type: SUN_STANDARD

Environment Variables:
JAVA_HOME=C:\Program Files\Java\jdk1.8.0_261
JRE_HOME=C:\Program Files\Java\jre1.8.0_261\bin
PATH=C:\Program Files (x86)\Google\Chrome\Application;C:\Program Files (x86)\Common Files\Oracle\Java\javapath;"C:\Program Files (x86)\Common Files\Oracle\Java\javapath;%JAVA_HOME%";C:\Program Files (x86)\CollabNet Subversion Client;C:\Oracle\product\12.1.0\client_1\bin;C:\Program Files (x86)\Intel\Intel(R) Management Engine Components\iCLS\;C:\Program Files\Intel\Intel(R) Management Engine Components\iCLS\;C:\WINDOWS\system32;C:\WINDOWS;C:\WINDOWS\System32\Wbem;C:\WINDOWS\System32\WindowsPowerShell\v1.0\;C:\WINDOWS\System32\OpenSSH\;C:\Program Files (x86)\Intel\Intel(R) Management Engine Components\DAL;C:\Program Files\Intel\Intel(R) Management Engine Components\DAL;C:\Program Files\TortoiseSVN\bin;C:\Program Files (x86)\Windows Kits\10\Windows Performance Toolkit\;C:\Program Files\Git\cmd;C:\Program Files (x86)\Microsoft SQL Server\150\DTS\Binn\;C:\Program Files\Azure Data Studio\bin;C:\Users\zaustinsky_d\AppData\Local\Microsoft\WindowsApps;C:\Program Files\Azure Data Studio\bin;D:\apache-maven-3.6.3-bin\apache-maven-3.6.3\bin;S:.
USERNAME=zaustinsky_d
OS=Windows_NT
PROCESSOR_IDENTIFIER=Intel64 Family 6 Model 158 Stepping 11, GenuineIntel



---------------  S Y S T E M  ---------------

OS: Windows 10.0 , 64 bit Build 19041 (10.0.19041.1503)

CPU:total 4 (initial active 4) (4 cores per cpu, 1 threads per core) family 6 model 158 stepping 11, cmov, cx8, fxsr, mmx, sse, sse2, sse3, ssse3, sse4.1, sse4.2, popcnt, avx, avx2, aes, clmul, erms, 3dnowpref, lzcnt, tsc, tscinvbit, bmi1, bmi2, adx

Memory: 4k page, physical 16612128k(1201676k free), swap 46982792k(5844k free)

vm_info: Java HotSpot(TM) 64-Bit Server VM (25.261-b12) for windows-amd64 JRE (1.8.0_261-b12), built on Jun 18 2020 06:56:32 by "" with unknown MS VC++:1916

time: Wed May  4 17:27:14 2022
timezone: Беларусь (зима)
elapsed time: 0 seconds (0d 0h 0m 0s)

