#
# There is insufficient memory for the Java Runtime Environment to continue.
# Native memory allocation (malloc) failed to allocate 729584 bytes for Chunk::new
# Possible reasons:
#   The system is out of physical RAM or swap space
#   The process is running with CompressedOops enabled, and the Java Heap may be blocking the growth of the native heap
# Possible solutions:
#   Reduce memory load on the system
#   Increase physical memory or swap space
#   Check if swap backing store is full
#   Decrease Java heap size (-Xmx/-Xms)
#   Decrease number of Java threads
#   Decrease Java thread stack sizes (-Xss)
#   Set larger code cache with -XX:ReservedCodeCacheSize=
#   JVM is running with Zero Based Compressed Oops mode in which the Java heap is
#     placed in the first 32GB address space. The Java Heap base address is the
#     maximum limit for the native heap growth. Please use -XX:HeapBaseMinAddress
#     to set the Java Heap base and to place the Java Heap above 32GB virtual address.
# This output file may be truncated or incomplete.
#
#  Out of Memory Error (allocation.cpp:389), pid=497520, tid=0x000000000007b9e0
#
# JRE version: Java(TM) SE Runtime Environment (8.0_261-b12) (build 1.8.0_261-b12)
# Java VM: Java HotSpot(TM) 64-Bit Server VM (25.261-b12 mixed mode windows-amd64 compressed oops)
# Failed to write core dump. Minidumps are not enabled by default on client versions of Windows
#

---------------  T H R E A D  ---------------

Current thread (0x000002156c592800):  JavaThread "C2 CompilerThread1" daemon [_thread_in_native, id=506336, stack(0x000000bedc800000,0x000000bedc900000)]

Stack: [0x000000bedc800000,0x000000bedc900000]
Native frames: (J=compiled Java code, j=interpreted, Vv=VM code, C=native code)
V  [jvm.dll+0x33e5f9]
V  [jvm.dll+0x2850e2]
V  [jvm.dll+0x285d8d]
V  [jvm.dll+0x27c895]
V  [jvm.dll+0xe4d6c]
V  [jvm.dll+0xe556c]
V  [jvm.dll+0x47ed35]
V  [jvm.dll+0x446ab8]
V  [jvm.dll+0x44f8f5]
V  [jvm.dll+0x44ecb5]
V  [jvm.dll+0x439bc7]
V  [jvm.dll+0xbbbcb]
V  [jvm.dll+0xba22b]
V  [jvm.dll+0x24d962]
V  [jvm.dll+0x2a1cfc]
C  [ucrtbase.dll+0x21bb2]
C  [KERNEL32.DLL+0x17034]
C  [ntdll.dll+0x52651]


Current CompileTask:
C2:   2235 1485   !   4       sun.misc.URLClassPath$JarLoader::getResource (353 bytes)


---------------  P R O C E S S  ---------------

Java Threads: ( => current thread )
  0x000002156f216000 JavaThread "AsyncHttpClient-1-2" daemon [_thread_in_vm_trans, id=505380, stack(0x000000bedd600000,0x000000bedd700000)]
  0x000002156d3d6000 JavaThread "Exec Stream Pumper" daemon [_thread_in_native, id=501504, stack(0x000000bedd500000,0x000000bedd600000)]
  0x000002156d3d5000 JavaThread "Exec Stream Pumper" daemon [_thread_in_native, id=353824, stack(0x000000bedd400000,0x000000bedd500000)]
  0x000002156d485000 JavaThread "Driver Service Executor" daemon [_thread_blocked, id=503632, stack(0x000000bedd200000,0x000000bedd300000)]
  0x000002156d484800 JavaThread "Driver Service Executor" daemon [_thread_blocked, id=498040, stack(0x000000bedd100000,0x000000bedd200000)]
  0x000002156d479800 JavaThread "Exec Default Executor" daemon [_thread_in_native, id=503884, stack(0x000000bedd000000,0x000000bedd100000)]
  0x000002156d45b000 JavaThread "ForkJoinPool.commonPool-worker-3" daemon [_thread_blocked, id=499616, stack(0x000000bedcf00000,0x000000bedd000000)]
  0x000002156d44a000 JavaThread "ForkJoinPool.commonPool-worker-2" daemon [_thread_blocked, id=504900, stack(0x000000bedce00000,0x000000bedcf00000)]
  0x000002156cac0000 JavaThread "AsyncHttpClient-1-1" daemon [_thread_blocked, id=505964, stack(0x000000bedcd00000,0x000000bedce00000)]
  0x000002156cad4000 JavaThread "ForkJoinPool.commonPool-worker-1" daemon [_thread_blocked, id=449920, stack(0x000000bedcc00000,0x000000bedcd00000)]
  0x000002156c66c000 JavaThread "Service Thread" daemon [_thread_blocked, id=504280, stack(0x000000bedca00000,0x000000bedcb00000)]
  0x000002156c5f6000 JavaThread "C1 CompilerThread2" daemon [_thread_blocked, id=502104, stack(0x000000bedc900000,0x000000bedca00000)]
=>0x000002156c592800 JavaThread "C2 CompilerThread1" daemon [_thread_in_native, id=506336, stack(0x000000bedc800000,0x000000bedc900000)]
  0x000002156c592000 JavaThread "C2 CompilerThread0" daemon [_thread_in_native, id=503720, stack(0x000000bedc700000,0x000000bedc800000)]
  0x000002156c58a000 JavaThread "Monitor Ctrl-Break" daemon [_thread_in_native, id=454420, stack(0x000000bedc600000,0x000000bedc700000)]
  0x000002156b211800 JavaThread "Attach Listener" daemon [_thread_blocked, id=503180, stack(0x000000bedc500000,0x000000bedc600000)]
  0x000002156b210800 JavaThread "Signal Dispatcher" daemon [_thread_blocked, id=491832, stack(0x000000bedc400000,0x000000bedc500000)]
  0x000002155056c800 JavaThread "Finalizer" daemon [_thread_blocked, id=505456, stack(0x000000bedc300000,0x000000bedc400000)]
  0x000002156b1f3000 JavaThread "Reference Handler" daemon [_thread_blocked, id=506084, stack(0x000000bedc200000,0x000000bedc300000)]
  0x00000215504d7800 JavaThread "Forwarding newSession on session null to remote" [_thread_blocked, id=503724, stack(0x000000bedbc00000,0x000000bedbd00000)]

Other Threads:
  0x0000021550561800 VMThread [stack: 0x000000bedc100000,0x000000bedc200000] [id=506680]
  0x000002156c677800 WatcherThread [stack: 0x000000bedcb00000,0x000000bedcc00000] [id=505028]

VM state:not at safepoint (normal execution)

VM Mutex/Monitor currently owned by a thread: None

heap address: 0x00000006c2800000, size: 4056 MB, Compressed Oops mode: Zero based, Oop shift amount: 3
Narrow klass base: 0x0000000000000000, Narrow klass shift: 3
Compressed class space size: 1073741824 Address: 0x00000007c0000000

Heap:
 PSYoungGen      total 75776K, used 37658K [0x000000076b800000, 0x0000000770c80000, 0x00000007c0000000)
  eden space 65024K, 43% used [0x000000076b800000,0x000000076d39a230,0x000000076f780000)
  from space 10752K, 87% used [0x000000076f780000,0x00000007700ac848,0x0000000770200000)
  to   space 10752K, 0% used [0x0000000770200000,0x0000000770200000,0x0000000770c80000)
 ParOldGen       total 173568K, used 16K [0x00000006c2800000, 0x00000006cd180000, 0x000000076b800000)
  object space 173568K, 0% used [0x00000006c2800000,0x00000006c2804000,0x00000006cd180000)
 Metaspace       used 18141K, capacity 18938K, committed 19200K, reserved 1067008K
  class space    used 2295K, capacity 2499K, committed 2560K, reserved 1048576K

Card table byte_map: [0x0000021561230000,0x0000021561a20000] byte_map_base: 0x000002155dc1c000

Marking Bits: (ParMarkBitMap*) 0x00000000599c4fb0
 Begin Bits: [0x0000021561f70000, 0x0000021565ed0000)
 End Bits:   [0x0000021565ed0000, 0x0000021569e30000)

Polling page: 0x0000021550600000

CodeCache: size=245760Kb used=5208Kb max_used=5208Kb free=240551Kb
 bounds [0x0000021551e70000, 0x0000021552390000, 0x0000021560e70000]
 total_blobs=1926 nmethods=1501 adapters=337
 compilation: enabled

Compilation events (10 events):
Event: 2.105 Thread 0x000002156c5f6000 nmethod 1482 0x0000021552379c10 code [0x0000021552379e20, 0x000002155237aa20]
Event: 2.107 Thread 0x000002156c592000 1483       4       java.util.HashMap::resize (359 bytes)
Event: 2.112 Thread 0x000002156c5f6000 1484   !   3       org.slf4j.impl.SimpleLogger::getStringProperty (27 bytes)
Event: 2.112 Thread 0x000002156c5f6000 nmethod 1484 0x00000215523789d0 code [0x0000021552378be0, 0x0000021552379550]
Event: 2.112 Thread 0x000002156c592000 nmethod 1483 0x0000021552377f90 code [0x0000021552378120, 0x00000215523786b8]
Event: 2.114 Thread 0x000002156c592800 1485   !   4       sun.misc.URLClassPath$JarLoader::getResource (353 bytes)
Event: 2.115 Thread 0x000002156c5f6000 1486       3       org.slf4j.impl.SimpleLogger::getStringProperty (15 bytes)
Event: 2.115 Thread 0x000002156c5f6000 nmethod 1486 0x000002155237b050 code [0x000002155237b280, 0x000002155237bcb0]
Event: 2.192 Thread 0x000002156c592000 1487       4       sun.misc.JarIndex::get (49 bytes)
Event: 2.206 Thread 0x000002156c5f6000 1489       3       java.lang.Class::searchMethods (90 bytes)

GC Heap History (2 events):
Event: 1.414 GC heap before
{Heap before GC invocations=1 (full 0):
 PSYoungGen      total 75776K, used 65024K [0x000000076b800000, 0x0000000770c80000, 0x00000007c0000000)
  eden space 65024K, 100% used [0x000000076b800000,0x000000076f780000,0x000000076f780000)
  from space 10752K, 0% used [0x0000000770200000,0x0000000770200000,0x0000000770c80000)
  to   space 10752K, 0% used [0x000000076f780000,0x000000076f780000,0x0000000770200000)
 ParOldGen       total 173568K, used 0K [0x00000006c2800000, 0x00000006cd180000, 0x000000076b800000)
  object space 173568K, 0% used [0x00000006c2800000,0x00000006c2800000,0x00000006cd180000)
 Metaspace       used 14678K, capacity 15080K, committed 15360K, reserved 1062912K
  class space    used 1780K, capacity 1926K, committed 2048K, reserved 1048576K
Event: 1.424 GC heap after
Heap after GC invocations=1 (full 0):
 PSYoungGen      total 75776K, used 9394K [0x000000076b800000, 0x0000000770c80000, 0x00000007c0000000)
  eden space 65024K, 0% used [0x000000076b800000,0x000000076b800000,0x000000076f780000)
  from space 10752K, 87% used [0x000000076f780000,0x00000007700ac848,0x0000000770200000)
  to   space 10752K, 0% used [0x0000000770200000,0x0000000770200000,0x0000000770c80000)
 ParOldGen       total 173568K, used 16K [0x00000006c2800000, 0x00000006cd180000, 0x000000076b800000)
  object space 173568K, 0% used [0x00000006c2800000,0x00000006c2804000,0x00000006cd180000)
 Metaspace       used 14678K, capacity 15080K, committed 15360K, reserved 1062912K
  class space    used 1780K, capacity 1926K, committed 2048K, reserved 1048576K
}

Deoptimization events (10 events):
Event: 1.442 Thread 0x00000215504d7800 Uncommon trap: reason=class_check action=maybe_recompile pc=0x000002155219f1f0 method=java.util.regex.Pattern$Curly.match(Ljava/util/regex/Matcher;ILjava/lang/CharSequence;)Z @ 19
Event: 1.447 Thread 0x00000215504d7800 Uncommon trap: reason=unstable_if action=reinterpret pc=0x0000021552284188 method=java.util.regex.Matcher.reset()Ljava/util/regex/Matcher; @ 47
Event: 1.447 Thread 0x00000215504d7800 Uncommon trap: reason=bimorphic action=maybe_recompile pc=0x000002155227c950 method=java.util.regex.Pattern$BmpCharProperty.match(Ljava/util/regex/Matcher;ILjava/lang/CharSequence;)Z @ 16
Event: 1.447 Thread 0x00000215504d7800 Uncommon trap: reason=bimorphic action=maybe_recompile pc=0x000002155227c950 method=java.util.regex.Pattern$BmpCharProperty.match(Ljava/util/regex/Matcher;ILjava/lang/CharSequence;)Z @ 16
Event: 1.447 Thread 0x00000215504d7800 Uncommon trap: reason=bimorphic action=maybe_recompile pc=0x000002155227c950 method=java.util.regex.Pattern$BmpCharProperty.match(Ljava/util/regex/Matcher;ILjava/lang/CharSequence;)Z @ 16
Event: 1.447 Thread 0x00000215504d7800 Uncommon trap: reason=bimorphic action=maybe_recompile pc=0x000002155227c950 method=java.util.regex.Pattern$BmpCharProperty.match(Ljava/util/regex/Matcher;ILjava/lang/CharSequence;)Z @ 16
Event: 1.454 Thread 0x00000215504d7800 Uncommon trap: reason=unstable_if action=reinterpret pc=0x0000021552012bc0 method=java.lang.String.replace(CC)Ljava/lang/String; @ 2
Event: 1.460 Thread 0x000002156d484800 Uncommon trap: reason=unstable_if action=reinterpret pc=0x000002155214509c method=java.lang.CharacterDataLatin1.digit(II)I @ 82
Event: 2.069 Thread 0x00000215504d7800 Uncommon trap: reason=unstable_if action=reinterpret pc=0x000002155233c230 method=java.util.regex.Pattern$BmpCharProperty.match(Ljava/util/regex/Matcher;ILjava/lang/CharSequence;)Z @ 34
Event: 2.102 Thread 0x00000215504d7800 Uncommon trap: reason=unstable_if action=reinterpret pc=0x0000021552147114 method=java.lang.CharacterDataLatin1.digit(II)I @ 82

Classes redefined (0 events):
No events

Internal exceptions (10 events):
Event: 1.986 Thread 0x00000215504d7800 Exception <a 'java/lang/ArrayIndexOutOfBoundsException'> (0x000000076c1283c8) thrown at [C:\jenkins\workspace\8-2-build-windows-amd64-cygwin\jdk8u261\295\hotspot\src\share\vm\runtime\sharedRuntime.cpp, line 605]
Event: 1.986 Thread 0x00000215504d7800 Exception <a 'java/lang/ArrayIndexOutOfBoundsException'> (0x000000076c12a2a0) thrown at [C:\jenkins\workspace\8-2-build-windows-amd64-cygwin\jdk8u261\295\hotspot\src\share\vm\runtime\sharedRuntime.cpp, line 605]
Event: 1.986 Thread 0x00000215504d7800 Exception <a 'java/lang/ArrayIndexOutOfBoundsException'> (0x000000076c12c5a0) thrown at [C:\jenkins\workspace\8-2-build-windows-amd64-cygwin\jdk8u261\295\hotspot\src\share\vm\runtime\sharedRuntime.cpp, line 605]
Event: 1.986 Thread 0x00000215504d7800 Exception <a 'java/lang/ArrayIndexOutOfBoundsException'> (0x000000076c130028) thrown at [C:\jenkins\workspace\8-2-build-windows-amd64-cygwin\jdk8u261\295\hotspot\src\share\vm\runtime\sharedRuntime.cpp, line 605]
Event: 1.986 Thread 0x00000215504d7800 Exception <a 'java/lang/ArrayIndexOutOfBoundsException'> (0x000000076c130ca8) thrown at [C:\jenkins\workspace\8-2-build-windows-amd64-cygwin\jdk8u261\295\hotspot\src\share\vm\runtime\sharedRuntime.cpp, line 605]
Event: 1.987 Thread 0x00000215504d7800 Exception <a 'java/lang/ArrayIndexOutOfBoundsException'> (0x000000076c136db0) thrown at [C:\jenkins\workspace\8-2-build-windows-amd64-cygwin\jdk8u261\295\hotspot\src\share\vm\runtime\sharedRuntime.cpp, line 605]
Event: 1.987 Thread 0x00000215504d7800 Exception <a 'java/lang/ArrayIndexOutOfBoundsException'> (0x000000076c13c7d8) thrown at [C:\jenkins\workspace\8-2-build-windows-amd64-cygwin\jdk8u261\295\hotspot\src\share\vm\runtime\sharedRuntime.cpp, line 605]
Event: 1.989 Thread 0x00000215504d7800 Exception <a 'java/lang/NoSuchMethodError': java.lang.Object.lambda$andThen$1(Ljava/util/function/Function;Ljava/lang/Object;)Ljava/lang/Object;> (0x000000076c157368) thrown at [C:\jenkins\workspace\8-2-build-windows-amd64-cygwin\jdk8u261\295\hotspot\src\
Event: 2.022 Thread 0x00000215504d7800 Exception <a 'java/lang/NoSuchMethodError': java.lang.Object.lambda$chars$0()Ljava/util/Spliterator$OfInt;> (0x000000076c3745c0) thrown at [C:\jenkins\workspace\8-2-build-windows-amd64-cygwin\jdk8u261\295\hotspot\src\share\vm\interpreter\linkResolver.cpp,
Event: 2.051 Thread 0x00000215504d7800 Exception <a 'java/lang/NoSuchMethodError': java.lang.Object.lambda$negate$1(Ljava/lang/Object;)Z> (0x000000076c5c13f0) thrown at [C:\jenkins\workspace\8-2-build-windows-amd64-cygwin\jdk8u261\295\hotspot\src\share\vm\interpreter\linkResolver.cpp, line 620

Events (10 events):
Event: 2.204 loading class io/netty/channel/ChannelHandlerMask
Event: 2.204 loading class io/netty/channel/ChannelHandlerMask done
Event: 2.204 loading class io/netty/channel/ChannelHandlerMask$1
Event: 2.204 loading class io/netty/channel/ChannelHandlerMask$1 done
Event: 2.204 loading class io/netty/channel/ChannelHandlerMask$2
Event: 2.204 loading class io/netty/channel/ChannelHandlerMask$2 done
Event: 2.205 loading class io/netty/channel/ChannelHandlerMask$Skip
Event: 2.205 loading class io/netty/channel/ChannelHandlerMask$Skip done
Event: 2.207 loading class io/netty/channel/nio/AbstractNioChannel$1
Event: 2.207 loading class io/netty/channel/nio/AbstractNioChannel$1 done


Dynamic libraries:
0x00007ff7f8d20000 - 0x00007ff7f8d67000 	C:\Program Files\Java\jdk1.8.0_261\bin\java.exe
0x00007ffcb1310000 - 0x00007ffcb1505000 	C:\WINDOWS\SYSTEM32\ntdll.dll
0x00007ffcb0bc0000 - 0x00007ffcb0c7e000 	C:\WINDOWS\System32\KERNEL32.DLL
0x00007ffcaee20000 - 0x00007ffcaf0e8000 	C:\WINDOWS\System32\KERNELBASE.dll
0x00007ffcac240000 - 0x00007ffcac2d0000 	C:\WINDOWS\SYSTEM32\apphelp.dll
0x00007ffcaf360000 - 0x00007ffcaf40e000 	C:\WINDOWS\System32\ADVAPI32.dll
0x00007ffcb05e0000 - 0x00007ffcb067e000 	C:\WINDOWS\System32\msvcrt.dll
0x00007ffcb0680000 - 0x00007ffcb071c000 	C:\WINDOWS\System32\sechost.dll
0x00007ffcb0fe0000 - 0x00007ffcb1105000 	C:\WINDOWS\System32\RPCRT4.dll
0x00007ffcb1110000 - 0x00007ffcb12b0000 	C:\WINDOWS\System32\USER32.dll
0x00007ffcaf0f0000 - 0x00007ffcaf112000 	C:\WINDOWS\System32\win32u.dll
0x00007ffcafe80000 - 0x00007ffcafeab000 	C:\WINDOWS\System32\GDI32.dll
0x00007ffcaf190000 - 0x00007ffcaf29d000 	C:\WINDOWS\System32\gdi32full.dll
0x00007ffcaeb70000 - 0x00007ffcaec0d000 	C:\WINDOWS\System32\msvcp_win.dll
0x00007ffcaea70000 - 0x00007ffcaeb70000 	C:\WINDOWS\System32\ucrtbase.dll
0x00007ffca0a60000 - 0x00007ffca0cfa000 	C:\WINDOWS\WinSxS\amd64_microsoft.windows.common-controls_6595b64144ccf1df_6.0.19041.1110_none_60b5254171f9507e\COMCTL32.dll
0x00007ffcb0200000 - 0x00007ffcb0230000 	C:\WINDOWS\System32\IMM32.DLL
0x00007ffc93f20000 - 0x00007ffc93f35000 	C:\Program Files\Java\jdk1.8.0_261\jre\bin\vcruntime140.dll
0x00007ffc861a0000 - 0x00007ffc8623b000 	C:\Program Files\Java\jdk1.8.0_261\jre\bin\msvcp140.dll
0x00000000591d0000 - 0x0000000059a3c000 	C:\Program Files\Java\jdk1.8.0_261\jre\bin\server\jvm.dll
0x00007ffcb0bb0000 - 0x00007ffcb0bb8000 	C:\WINDOWS\System32\PSAPI.DLL
0x00007ffcad980000 - 0x00007ffcad98a000 	C:\WINDOWS\SYSTEM32\VERSION.dll
0x00007ffc9f940000 - 0x00007ffc9f967000 	C:\WINDOWS\SYSTEM32\WINMM.dll
0x00007ffcac160000 - 0x00007ffcac169000 	C:\WINDOWS\SYSTEM32\WSOCK32.dll
0x00007ffcb0450000 - 0x00007ffcb04bb000 	C:\WINDOWS\System32\ws2_32.DLL
0x00007ffcac910000 - 0x00007ffcac922000 	C:\WINDOWS\SYSTEM32\kernel.appcore.dll
0x00007ffc96480000 - 0x00007ffc96490000 	C:\Program Files\Java\jdk1.8.0_261\jre\bin\verify.dll
0x00007ffc93670000 - 0x00007ffc9369b000 	C:\Program Files\Java\jdk1.8.0_261\jre\bin\java.dll
0x00007ffc96c80000 - 0x00007ffc96cb2000 	C:\Program Files\Java\jdk1.8.0_261\jre\bin\instrument.dll
0x00007ffc93650000 - 0x00007ffc93668000 	C:\Program Files\Java\jdk1.8.0_261\jre\bin\zip.dll
0x00007ffcaf490000 - 0x00007ffcafbd4000 	C:\WINDOWS\System32\SHELL32.dll
0x00007ffcacb10000 - 0x00007ffcad2a4000 	C:\WINDOWS\SYSTEM32\windows.storage.dll
0x00007ffcb0c80000 - 0x00007ffcb0fd5000 	C:\WINDOWS\System32\combase.dll
0x00007ffcae3a0000 - 0x00007ffcae3ce000 	C:\WINDOWS\SYSTEM32\Wldp.dll
0x00007ffcb0150000 - 0x00007ffcb01fd000 	C:\WINDOWS\System32\SHCORE.dll
0x00007ffcb03f0000 - 0x00007ffcb0445000 	C:\WINDOWS\System32\shlwapi.dll
0x00007ffcae960000 - 0x00007ffcae97f000 	C:\WINDOWS\SYSTEM32\profapi.dll
0x00007ffc98be0000 - 0x00007ffc98bfa000 	C:\Program Files\JetBrains\IntelliJ IDEA Community Edition 2021.3.3\bin\breakgen64.dll
0x00007ffc93630000 - 0x00007ffc9364c000 	C:\Program Files\Java\jdk1.8.0_261\jre\bin\net.dll
0x00007ffcae100000 - 0x00007ffcae16a000 	C:\WINDOWS\system32\mswsock.dll
0x00007ffcade30000 - 0x00007ffcadefb000 	C:\WINDOWS\SYSTEM32\DNSAPI.dll
0x00007ffcaddf0000 - 0x00007ffcade2b000 	C:\WINDOWS\SYSTEM32\IPHLPAPI.DLL
0x00007ffcb0720000 - 0x00007ffcb0728000 	C:\WINDOWS\System32\NSI.dll
0x00007ffca1010000 - 0x00007ffca101a000 	C:\Windows\System32\rasadhlp.dll
0x00007ffca1e30000 - 0x00007ffca1eaf000 	C:\WINDOWS\System32\fwpuclnt.dll
0x00007ffcaf330000 - 0x00007ffcaf357000 	C:\WINDOWS\System32\bcrypt.dll
0x00007ffc96490000 - 0x00007ffc964b4000 	C:\Program Files\Java\jdk1.8.0_261\jre\bin\sunec.dll
0x00007ffca7200000 - 0x00007ffca7217000 	C:\WINDOWS\SYSTEM32\dhcpcsvc6.DLL
0x00007ffca7bf0000 - 0x00007ffca7c0d000 	C:\WINDOWS\SYSTEM32\dhcpcsvc.DLL
0x00007ffc93610000 - 0x00007ffc93623000 	C:\Program Files\Java\jdk1.8.0_261\jre\bin\nio.dll
0x00007ffcae300000 - 0x00007ffcae318000 	C:\WINDOWS\SYSTEM32\CRYPTSP.dll
0x00007ffcada80000 - 0x00007ffcadab4000 	C:\WINDOWS\system32\rsaenh.dll
0x00007ffcae920000 - 0x00007ffcae94e000 	C:\WINDOWS\SYSTEM32\USERENV.dll
0x00007ffcaf2a0000 - 0x00007ffcaf322000 	C:\WINDOWS\System32\bcryptprimitives.dll
0x00007ffcae2f0000 - 0x00007ffcae2fc000 	C:\WINDOWS\SYSTEM32\CRYPTBASE.dll
0x00007ffc9f1a0000 - 0x00007ffc9f1ad000 	C:\Program Files\Java\jdk1.8.0_261\jre\bin\management.dll
0x00007ffc77900000 - 0x00007ffc77917000 	C:\WINDOWS\system32\napinsp.dll
0x00007ffc77920000 - 0x00007ffc7793b000 	C:\WINDOWS\system32\pnrpnsp.dll
0x00007ffca1c50000 - 0x00007ffca1c65000 	C:\WINDOWS\system32\wshbth.dll
0x00007ffca9400000 - 0x00007ffca941d000 	C:\WINDOWS\system32\NLAapi.dll
0x00007ffc77940000 - 0x00007ffc77952000 	C:\WINDOWS\System32\winrnr.dll
0x00007ffca7d90000 - 0x00007ffca7f74000 	C:\WINDOWS\SYSTEM32\dbghelp.dll

VM Arguments:
jvm_args: -javaagent:C:\Program Files\JetBrains\IntelliJ IDEA Community Edition 2021.3.3\lib\idea_rt.jar=61389:C:\Program Files\JetBrains\IntelliJ IDEA Community Edition 2021.3.3\bin -Dfile.encoding=UTF-8 
java_command: org.lwo.selenium.Main
java_class_path (initial): C:\Program Files\Java\jdk1.8.0_261\jre\lib\charsets.jar;C:\Program Files\Java\jdk1.8.0_261\jre\lib\deploy.jar;C:\Program Files\Java\jdk1.8.0_261\jre\lib\ext\access-bridge-64.jar;C:\Program Files\Java\jdk1.8.0_261\jre\lib\ext\cldrdata.jar;C:\Program Files\Java\jdk1.8.0_261\jre\lib\ext\dnsns.jar;C:\Program Files\Java\jdk1.8.0_261\jre\lib\ext\jaccess.jar;C:\Program Files\Java\jdk1.8.0_261\jre\lib\ext\jfxrt.jar;C:\Program Files\Java\jdk1.8.0_261\jre\lib\ext\localedata.jar;C:\Program Files\Java\jdk1.8.0_261\jre\lib\ext\nashorn.jar;C:\Program Files\Java\jdk1.8.0_261\jre\lib\ext\sunec.jar;C:\Program Files\Java\jdk1.8.0_261\jre\lib\ext\sunjce_provider.jar;C:\Program Files\Java\jdk1.8.0_261\jre\lib\ext\sunmscapi.jar;C:\Program Files\Java\jdk1.8.0_261\jre\lib\ext\sunpkcs11.jar;C:\Program Files\Java\jdk1.8.0_261\jre\lib\ext\zipfs.jar;C:\Program Files\Java\jdk1.8.0_261\jre\lib\javaws.jar;C:\Program Files\Java\jdk1.8.0_261\jre\lib\jce.jar;C:\Program Files\Java\jdk1.8.0_261\jre\lib\jfr.jar;C:\Program Files\Java\jdk1.8.0_261\jre\lib\jfxswt.jar;C:\Program Files\Java\jdk1.8.0_261\jre\lib\jsse.jar;C:\Program Files\Java\jdk1.8.0_261\jre\lib\management-agent.jar;C:\Program Files\Java\jdk1.8.0_261\jre\lib\plugin.jar;C:\Program Files\Java\jdk1.8.0_261\jre\lib\resources.jar;C:\Program Files\Java\jdk1.8.0_261\jre\lib\rt.jar;D:\projects\Selenium\target\classes;C:\Users\zaustinsky_d\.m2\repository\org\slf4j\slf4j-simple\1.7.21\slf4j-simple-1.7.21.jar;C:\Users\zaustinsky_d\.m2\repository\org\slf4j\slf4j-api\1.7.21\slf4j-api-1.7.21.jar;C:\Users\zaustinsky_d\.m2\repository\org\seleniumhq\selenium\selenium-java\4.1.3\selenium-java-4.1.3.jar;C:\Users\zaustinsky_d\.m2\repository\org\seleniumhq\selenium\selenium-api\4.1.3\selenium-api-4.1.3.jar;C:\Users\zaustinsky_d\.m2\repository\org\seleniumhq\selenium\selenium-chrome-driver\4.1.3\selenium-chrome-driver-4.1.3.jar;C:\Users\zaustinsky_d\.m2\repository\com\google\auto\service\auto-service-annotations\1.0.1\auto-service-a
Launcher Type: SUN_STANDARD

Environment Variables:
JAVA_HOME=C:\Program Files\Java\jdk1.8.0_261
JRE_HOME=C:\Program Files\Java\jre1.8.0_261\bin
PATH=C:\Program Files (x86)\Google\Chrome\Application;C:\Program Files (x86)\Common Files\Oracle\Java\javapath;"C:\Program Files (x86)\Common Files\Oracle\Java\javapath;%JAVA_HOME%";C:\Program Files (x86)\CollabNet Subversion Client;C:\Oracle\product\12.1.0\client_1\bin;C:\Program Files (x86)\Intel\Intel(R) Management Engine Components\iCLS\;C:\Program Files\Intel\Intel(R) Management Engine Components\iCLS\;C:\WINDOWS\system32;C:\WINDOWS;C:\WINDOWS\System32\Wbem;C:\WINDOWS\System32\WindowsPowerShell\v1.0\;C:\WINDOWS\System32\OpenSSH\;C:\Program Files (x86)\Intel\Intel(R) Management Engine Components\DAL;C:\Program Files\Intel\Intel(R) Management Engine Components\DAL;C:\Program Files\TortoiseSVN\bin;C:\Program Files (x86)\Windows Kits\10\Windows Performance Toolkit\;C:\Program Files\Git\cmd;C:\Program Files (x86)\Microsoft SQL Server\150\DTS\Binn\;C:\Program Files\Azure Data Studio\bin;C:\Users\zaustinsky_d\AppData\Local\Microsoft\WindowsApps;C:\Program Files\Azure Data Studio\bin;D:\apache-maven-3.6.3-bin\apache-maven-3.6.3\bin;S:.
USERNAME=zaustinsky_d
OS=Windows_NT
PROCESSOR_IDENTIFIER=Intel64 Family 6 Model 158 Stepping 11, GenuineIntel



---------------  S Y S T E M  ---------------

OS: Windows 10.0 , 64 bit Build 19041 (10.0.19041.1503)

CPU:total 4 (initial active 4) (4 cores per cpu, 1 threads per core) family 6 model 158 stepping 11, cmov, cx8, fxsr, mmx, sse, sse2, sse3, ssse3, sse4.1, sse4.2, popcnt, avx, avx2, aes, clmul, erms, 3dnowpref, lzcnt, tsc, tscinvbit, bmi1, bmi2, adx

Memory: 4k page, physical 16612128k(1610392k free), swap 46982792k(4100k free)

vm_info: Java HotSpot(TM) 64-Bit Server VM (25.261-b12) for windows-amd64 JRE (1.8.0_261-b12), built on Jun 18 2020 06:56:32 by "" with unknown MS VC++:1916

time: Thu May 12 17:54:19 2022
timezone: Беларусь (зима)
elapsed time: 2 seconds (0d 0h 0m 2s)

